<?xml version="1.0" encoding="UTF-8"?>
<testng-results skipped="0" failed="0" total="1" passed="1">
  <reporter-output>
  </reporter-output>
  <suite name="Suite" duration-ms="42" started-at="2022-03-05T16:19:09Z" finished-at="2022-03-05T16:19:09Z">
    <groups>
    </groups>
    <test name="Test" duration-ms="42" started-at="2022-03-05T16:19:09Z" finished-at="2022-03-05T16:19:09Z">
      <class name="org.testing.TestScripts.ClassABC">
        <test-method status="PASS" signature="testCase1(java.lang.String, java.lang.String)[pri:0, instance:org.testing.TestScripts.ClassABC@14a2f921]" name="testCase1" duration-ms="22" started-at="2022-03-05T21:49:09Z" finished-at="2022-03-05T21:49:09Z">
          <params>
            <param index="0">
              <value>
                <![CDATA[Chrome]]>
              </value>
            </param>
            <param index="1">
              <value>
                <![CDATA[https://www.youtube.com]]>
              </value>
            </param>
          </params>
          <reporter-output>
          </reporter-output>
        </test-method> <!-- testCase1 -->
      </class> <!-- org.testing.TestScripts.ClassABC -->
    </test> <!-- Test -->
  </suite> <!-- Suite -->
</testng-results>
